c:\users\byval\source\repos\aistrd_laba1\aistrd_laba1\debug\aistrd_laba1.pch
c:\users\byval\source\repos\aistrd_laba1\aistrd_laba1\debug\aistrd_laba1.pdb
c:\users\byval\source\repos\aistrd_laba1\aistrd_laba1\debug\aistrd_laba1.idb
c:\users\byval\source\repos\aistrd_laba1\aistrd_laba1\debug\pch.obj
c:\users\byval\source\repos\aistrd_laba1\aistrd_laba1\debug\functions.obj
c:\users\byval\source\repos\aistrd_laba1\aistrd_laba1\debug\aistrd_laba1.obj
c:\users\byval\source\repos\aistrd_laba1\debug\aistrd_laba1.lib
c:\users\byval\source\repos\aistrd_laba1\debug\aistrd_laba1.exe
c:\users\byval\source\repos\aistrd_laba1\debug\aistrd_laba1.ilk
c:\users\byval\source\repos\aistrd_laba1\debug\aistrd_laba1.pdb
c:\users\byval\source\repos\aistrd_laba1\aistrd_laba1\debug\vc141.idb
c:\users\byval\source\repos\aistrd_laba1\aistrd_laba1\debug\vc141.pdb
c:\users\byval\source\repos\aistrd_laba1\aistrd_laba1\debug\aistrd_laba1.tlog\aistrd_laba1.write.1u.tlog
c:\users\byval\source\repos\aistrd_laba1\aistrd_laba1\debug\aistrd_laba1.tlog\cl.command.1.tlog
c:\users\byval\source\repos\aistrd_laba1\aistrd_laba1\debug\aistrd_laba1.tlog\cl.read.1.tlog
c:\users\byval\source\repos\aistrd_laba1\aistrd_laba1\debug\aistrd_laba1.tlog\cl.write.1.tlog
c:\users\byval\source\repos\aistrd_laba1\aistrd_laba1\debug\aistrd_laba1.tlog\lib-link.read.1.tlog
c:\users\byval\source\repos\aistrd_laba1\aistrd_laba1\debug\aistrd_laba1.tlog\lib-link.write.1.tlog
c:\users\byval\source\repos\aistrd_laba1\aistrd_laba1\debug\aistrd_laba1.tlog\lib.command.1.tlog
c:\users\byval\source\repos\aistrd_laba1\aistrd_laba1\debug\aistrd_laba1.tlog\link.13608.delete.1.tlog
c:\users\byval\source\repos\aistrd_laba1\aistrd_laba1\debug\aistrd_laba1.tlog\link.16708.delete.1.tlog
c:\users\byval\source\repos\aistrd_laba1\aistrd_laba1\debug\aistrd_laba1.tlog\link.3920.delete.1.tlog
c:\users\byval\source\repos\aistrd_laba1\aistrd_laba1\debug\aistrd_laba1.tlog\link.460.delete.1.tlog
c:\users\byval\source\repos\aistrd_laba1\aistrd_laba1\debug\aistrd_laba1.tlog\link.8204.delete.1.tlog
c:\users\byval\source\repos\aistrd_laba1\aistrd_laba1\debug\aistrd_laba1.tlog\link.command.1.tlog
c:\users\byval\source\repos\aistrd_laba1\aistrd_laba1\debug\aistrd_laba1.tlog\link.delete.1.tlog
c:\users\byval\source\repos\aistrd_laba1\aistrd_laba1\debug\aistrd_laba1.tlog\link.read.1.tlog
c:\users\byval\source\repos\aistrd_laba1\aistrd_laba1\debug\aistrd_laba1.tlog\link.write.1.tlog
